<?xml version="1.0" encoding="UTF-8" ?>
<testsuites name="vitest tests" tests="65" failures="1" errors="0" time="0.928209294">
    <testsuite name="src/shared/api/__tests__/create-request-fx.spec.ts" timestamp="2025-06-18T10:56:54.441Z" hostname="192.168.1.17" tests="5" failures="0" errors="0" skipped="0" time="0.031307416">
        <testcase classname="src/shared/api/__tests__/create-request-fx.spec.ts" name="createRequestFx &gt; calls ofetch with correct params (simple payload)" time="0.026629625">
        </testcase>
        <testcase classname="src/shared/api/__tests__/create-request-fx.spec.ts" name="createRequestFx &gt; calls ofetch with correct params (payload as function)" time="0.001078709">
        </testcase>
        <testcase classname="src/shared/api/__tests__/create-request-fx.spec.ts" name="createRequestFx &gt; adds Authorization header if withTokenInHeaders is true" time="0.000814125">
        </testcase>
        <testcase classname="src/shared/api/__tests__/create-request-fx.spec.ts" name="createRequestFx &gt; does not add Authorization header if withTokenInHeaders is false" time="0.00064025">
        </testcase>
        <testcase classname="src/shared/api/__tests__/create-request-fx.spec.ts" name="createRequestFx &gt; merges headers correctly" time="0.000672875">
        </testcase>
    </testsuite>
    <testsuite name="src/entities/Landing/model/__tests__/LandingModel.spec.ts" timestamp="2025-06-18T10:56:54.443Z" hostname="192.168.1.17" tests="3" failures="0" errors="0" skipped="0" time="0.005495542">
        <testcase classname="src/entities/Landing/model/__tests__/LandingModel.spec.ts" name="LandingModel &gt; should populate store correctly" time="0.0033165">
        </testcase>
        <testcase classname="src/entities/Landing/model/__tests__/LandingModel.spec.ts" name="LandingModel &gt; should handle empty response" time="0.000696792">
        </testcase>
        <testcase classname="src/entities/Landing/model/__tests__/LandingModel.spec.ts" name="LandingModel &gt; should extract first valid item" time="0.000580083">
        </testcase>
    </testsuite>
    <testsuite name="src/entities/FAQ/model/__tests__/FAQModel.spec.ts" timestamp="2025-06-18T10:56:54.443Z" hostname="192.168.1.17" tests="3" failures="0" errors="0" skipped="0" time="0.035024542">
        <testcase classname="src/entities/FAQ/model/__tests__/FAQModel.spec.ts" name="FaqModel &gt; should initialize with empty faqItems" time="0.006059958">
        </testcase>
        <testcase classname="src/entities/FAQ/model/__tests__/FAQModel.spec.ts" name="FaqModel &gt; should handle successful data fetch" time="0.023391">
        </testcase>
        <testcase classname="src/entities/FAQ/model/__tests__/FAQModel.spec.ts" name="FaqModel &gt; should handle nullable image fields correctly" time="0.001185">
        </testcase>
    </testsuite>
    <testsuite name="src/entities/Personality/lib/__tests__/normalizePersonalities.spec.ts" timestamp="2025-06-18T10:56:54.444Z" hostname="192.168.1.17" tests="2" failures="0" errors="0" skipped="0" time="0.002451083">
        <testcase classname="src/entities/Personality/lib/__tests__/normalizePersonalities.spec.ts" name="normalizePersonalities &gt; Should return a correct record" time="0.000875209">
        </testcase>
        <testcase classname="src/entities/Personality/lib/__tests__/normalizePersonalities.spec.ts" name="normalizePersonalities &gt; Should return a not correct record" time="0.000172791">
        </testcase>
    </testsuite>
    <testsuite name="src/entities/Personality/model/__tests__/PersonalityModel.spec.ts" timestamp="2025-06-18T10:56:54.444Z" hostname="192.168.1.17" tests="7" failures="0" errors="0" skipped="0" time="0.014769417">
        <testcase classname="src/entities/Personality/model/__tests__/PersonalityModel.spec.ts" name="PersonalitiesModel &gt; should start query when gate is opened" time="0.003466458">
        </testcase>
        <testcase classname="src/entities/Personality/model/__tests__/PersonalityModel.spec.ts" name="PersonalitiesModel &gt; should normalize and store data on successful response" time="0.001077916">
        </testcase>
        <testcase classname="src/entities/Personality/model/__tests__/PersonalityModel.spec.ts" name="PersonalitiesModel &gt; should handle empty response correctly" time="0.000663625">
        </testcase>
        <testcase classname="src/entities/Personality/model/__tests__/PersonalityModel.spec.ts" name="PersonalitiesModel &gt; should handle response with empty types arrays" time="0.00051225">
        </testcase>
        <testcase classname="src/entities/Personality/model/__tests__/PersonalityModel.spec.ts" name="PersonalitiesModel &gt; should not ignore personality types with invalid codes" time="0.000721833">
        </testcase>
        <testcase classname="src/entities/Personality/model/__tests__/PersonalityModel.spec.ts" name="PersonalitiesModel &gt; should not update store on query failure" time="0.004034125">
        </testcase>
        <testcase classname="src/entities/Personality/model/__tests__/PersonalityModel.spec.ts" name="PersonalitiesModel &gt; should handle partial data in categories" time="0.000524917">
        </testcase>
    </testsuite>
    <testsuite name="src/entities/Root/model/__tests__/RootModel.spec.ts" timestamp="2025-06-18T10:56:54.446Z" hostname="192.168.1.17" tests="1" failures="0" errors="0" skipped="0" time="0.002741583">
        <testcase classname="src/entities/Root/model/__tests__/RootModel.spec.ts" name="Root Model &gt; Initially Menu should be closed" time="0.001966709">
        </testcase>
    </testsuite>
    <testsuite name="src/entities/Test/lib/__tests__/clearLocalStorage.spec.ts" timestamp="2025-06-18T10:56:54.446Z" hostname="192.168.1.17" tests="3" failures="0" errors="0" skipped="0" time="0.006499459">
        <testcase classname="src/entities/Test/lib/__tests__/clearLocalStorage.spec.ts" name="clearLocalStorageTestUnits &gt; should preserve existing userId" time="0.004222083">
        </testcase>
        <testcase classname="src/entities/Test/lib/__tests__/clearLocalStorage.spec.ts" name="clearLocalStorageTestUnits &gt; should set empty string if userId not exists" time="0.000224458">
        </testcase>
        <testcase classname="src/entities/Test/lib/__tests__/clearLocalStorage.spec.ts" name="clearLocalStorageTestUnits &gt; should remove all keys except restored userId" time="0.001127625">
        </testcase>
    </testsuite>
    <testsuite name="src/entities/Blog/model/__tests__/BlogModel.spec.ts" timestamp="2025-06-18T10:56:54.447Z" hostname="192.168.1.17" tests="5" failures="0" errors="0" skipped="0" time="0.262753584">
        <testcase classname="src/entities/Blog/model/__tests__/BlogModel.spec.ts" name="Blog Model &gt; initial state" time="0.002189667">
        </testcase>
        <testcase classname="src/entities/Blog/model/__tests__/BlogModel.spec.ts" name="Blog Model &gt; pageChanged updates currentPage and triggers scroll" time="0.239427375">
        </testcase>
        <testcase classname="src/entities/Blog/model/__tests__/BlogModel.spec.ts" name="Blog Model &gt; successful query updates blogPosts with full structure" time="0.001939625">
        </testcase>
        <testcase classname="src/entities/Blog/model/__tests__/BlogModel.spec.ts" name="Blog Model &gt; handles null additional_info correctly" time="0.001519167">
        </testcase>
        <testcase classname="src/entities/Blog/model/__tests__/BlogModel.spec.ts" name="Blog Model &gt; handles API error with blog structure" time="0.0129445">
            <system-err>
Error: [vike][Warning] Calling navigate() on the server-side has no effect
    at warnNoEffect [90m(file:///Users/ilaolovannikov/WebstormProjects/cognitive-lab/[39mnode_modules/[4m.pnpm[24m/vike@0.4.229_react-streaming@0.4.2_react-dom@19.1.0_react@19.1.0__react@19.1.0__vite@6._f8778ac283216eccfa855d921d472781/node_modules/[4mvike[24m/dist/esm/node/client/router.js:12:5[90m)[39m
    at navigate [90m(file:///Users/ilaolovannikov/WebstormProjects/cognitive-lab/[39mnode_modules/[4m.pnpm[24m/vike@0.4.229_react-streaming@0.4.2_react-dom@19.1.0_react@19.1.0__react@19.1.0__vite@6._f8778ac283216eccfa855d921d472781/node_modules/[4mvike[24m/dist/esm/node/client/router.js:7:25[90m)[39m
    at fn [90m(/Users/ilaolovannikov/WebstormProjects/cognitive-lab/[39msrc/entities/Blog/model/index.ts:47:15[90m)[39m
    at runFn [90m(file:///Users/ilaolovannikov/WebstormProjects/cognitive-lab/[39mnode_modules/[4m.pnpm[24m/effector@23.3.0/node_modules/[4meffector[24m/effector/createEffect.ts:224:19[90m)[39m
    at fn [90m(file:///Users/ilaolovannikov/WebstormProjects/cognitive-lab/[39mnode_modules/[4m.pnpm[24m/effector@23.3.0/node_modules/[4meffector[24m/effector/createEffect.ts:134:32[90m)[39m
    at launch [90m(file:///Users/ilaolovannikov/WebstormProjects/cognitive-lab/[39mnode_modules/[4m.pnpm[24m/effector@23.3.0/node_modules/[4meffector[24m/effector/kernel.ts:388:33[90m)[39m
    at [90mfile:///Users/ilaolovannikov/WebstormProjects/cognitive-lab/[39mnode_modules/[4m.pnpm[24m/effector@23.3.0/node_modules/[4meffector[24m/effector/createEffect.ts:243:5

            </system-err>
        </testcase>
    </testsuite>
    <testsuite name="src/entities/Test/model/__tests__/TestModel.spec.ts" timestamp="2025-06-18T10:56:54.448Z" hostname="192.168.1.17" tests="7" failures="0" errors="0" skipped="0" time="0.523824959">
        <testcase classname="src/entities/Test/model/__tests__/TestModel.spec.ts" name="TestModel &gt; initial state" time="0.001445542">
        </testcase>
        <testcase classname="src/entities/Test/model/__tests__/TestModel.spec.ts" name="TestModel &gt; setSplashScreenVisibility updates splash screen state" time="0.001148792">
        </testcase>
        <testcase classname="src/entities/Test/model/__tests__/TestModel.spec.ts" name="TestModel &gt; formReset resets all stores" time="0.000473916">
        </testcase>
        <testcase classname="src/entities/Test/model/__tests__/TestModel.spec.ts" name="TestModel &gt; formPageChanged updates currentPage and triggers scroll" time="0.006802084">
            <system-err>
Error: 
    at [90m/Users/ilaolovannikov/WebstormProjects/cognitive-lab/[39msrc/entities/Test/model/index.ts:51:30
    at atom [90m(/Users/ilaolovannikov/WebstormProjects/cognitive-lab/[39msrc/shared/factories/atom.ts:1:46[90m)[39m
    at [90m/Users/ilaolovannikov/WebstormProjects/cognitive-lab/[39msrc/entities/Test/model/index.ts:21:26
[90m    at processTicksAndRejections (node:internal/process/task_queues:95:5)[39m
    at VitestExecutor.runModule [90m(file:///Users/ilaolovannikov/WebstormProjects/cognitive-lab/[39mnode_modules/[4m.pnpm[24m/vite-node@3.1.2_@types+node@22.14.1_jiti@2.4.2_sugarss@4.0.1_postcss@8.5.3__tsx@4.19.3/node_modules/[4mvite-node[24m/dist/client.mjs:354:3[90m)[39m
    at VitestExecutor.directRequest [90m(file:///Users/ilaolovannikov/WebstormProjects/cognitive-lab/[39mnode_modules/[4m.pnpm[24m/vite-node@3.1.2_@types+node@22.14.1_jiti@2.4.2_sugarss@4.0.1_postcss@8.5.3__tsx@4.19.3/node_modules/[4mvite-node[24m/dist/client.mjs:333:3[90m)[39m
    at VitestExecutor.cachedRequest [90m(file:///Users/ilaolovannikov/WebstormProjects/cognitive-lab/[39mnode_modules/[4m.pnpm[24m/vite-node@3.1.2_@types+node@22.14.1_jiti@2.4.2_sugarss@4.0.1_postcss@8.5.3__tsx@4.19.3/node_modules/[4mvite-node[24m/dist/client.mjs:168:11[90m)[39m
    at VitestExecutor.dependencyRequest [90m(file:///Users/ilaolovannikov/WebstormProjects/cognitive-lab/[39mnode_modules/[4m.pnpm[24m/vite-node@3.1.2_@types+node@22.14.1_jiti@2.4.2_sugarss@4.0.1_postcss@8.5.3__tsx@4.19.3/node_modules/[4mvite-node[24m/dist/client.mjs:216:10[90m)[39m
    at [90m/Users/ilaolovannikov/WebstormProjects/cognitive-lab/[39msrc/entities/Test/model/__tests__/TestModel.spec.ts:5:1
    at VitestExecutor.runModule [90m(file:///Users/ilaolovannikov/WebstormProjects/cognitive-lab/[39mnode_modules/[4m.pnpm[24m/vite-node@3.1.2_@types+node@22.14.1_jiti@2.4.2_sugarss@4.0.1_postcss@8.5.3__tsx@4.19.3/node_modules/[4mvite-node[24m/dist/client.mjs:354:3[90m)[39m

            </system-err>
        </testcase>
        <testcase classname="src/entities/Test/model/__tests__/TestModel.spec.ts" name="TestModel &gt; scaleFormFieldChanged updates $scaleForm" time="0.257398375">
            <system-err>
Error: 
    at [90m/Users/ilaolovannikov/WebstormProjects/cognitive-lab/[39msrc/entities/Test/model/index.ts:51:30
    at atom [90m(/Users/ilaolovannikov/WebstormProjects/cognitive-lab/[39msrc/shared/factories/atom.ts:1:46[90m)[39m
    at [90m/Users/ilaolovannikov/WebstormProjects/cognitive-lab/[39msrc/entities/Test/model/index.ts:21:26
[90m    at processTicksAndRejections (node:internal/process/task_queues:95:5)[39m
    at VitestExecutor.runModule [90m(file:///Users/ilaolovannikov/WebstormProjects/cognitive-lab/[39mnode_modules/[4m.pnpm[24m/vite-node@3.1.2_@types+node@22.14.1_jiti@2.4.2_sugarss@4.0.1_postcss@8.5.3__tsx@4.19.3/node_modules/[4mvite-node[24m/dist/client.mjs:354:3[90m)[39m
    at VitestExecutor.directRequest [90m(file:///Users/ilaolovannikov/WebstormProjects/cognitive-lab/[39mnode_modules/[4m.pnpm[24m/vite-node@3.1.2_@types+node@22.14.1_jiti@2.4.2_sugarss@4.0.1_postcss@8.5.3__tsx@4.19.3/node_modules/[4mvite-node[24m/dist/client.mjs:333:3[90m)[39m
    at VitestExecutor.cachedRequest [90m(file:///Users/ilaolovannikov/WebstormProjects/cognitive-lab/[39mnode_modules/[4m.pnpm[24m/vite-node@3.1.2_@types+node@22.14.1_jiti@2.4.2_sugarss@4.0.1_postcss@8.5.3__tsx@4.19.3/node_modules/[4mvite-node[24m/dist/client.mjs:168:11[90m)[39m
    at VitestExecutor.dependencyRequest [90m(file:///Users/ilaolovannikov/WebstormProjects/cognitive-lab/[39mnode_modules/[4m.pnpm[24m/vite-node@3.1.2_@types+node@22.14.1_jiti@2.4.2_sugarss@4.0.1_postcss@8.5.3__tsx@4.19.3/node_modules/[4mvite-node[24m/dist/client.mjs:216:10[90m)[39m
    at [90m/Users/ilaolovannikov/WebstormProjects/cognitive-lab/[39msrc/entities/Test/model/__tests__/TestModel.spec.ts:5:1
    at VitestExecutor.runModule [90m(file:///Users/ilaolovannikov/WebstormProjects/cognitive-lab/[39mnode_modules/[4m.pnpm[24m/vite-node@3.1.2_@types+node@22.14.1_jiti@2.4.2_sugarss@4.0.1_postcss@8.5.3__tsx@4.19.3/node_modules/[4mvite-node[24m/dist/client.mjs:354:3[90m)[39m

            </system-err>
        </testcase>
        <testcase classname="src/entities/Test/model/__tests__/TestModel.spec.ts" name="TestModel &gt; progress updates when answers change" time="0.253304916">
        </testcase>
        <testcase classname="src/entities/Test/model/__tests__/TestModel.spec.ts" name="TestModel &gt; currentQuestion updates when page or questions change" time="0.000267417">
        </testcase>
    </testsuite>
    <testsuite name="src/entities/User/model/__tests__/UserModel.spec.ts" timestamp="2025-06-18T10:56:54.449Z" hostname="192.168.1.17" tests="5" failures="0" errors="0" skipped="0" time="0.015850209">
        <testcase classname="src/entities/User/model/__tests__/UserModel.spec.ts" name="UserModel &gt; should generate new userId when empty" time="0.007160958">
        </testcase>
        <testcase classname="src/entities/User/model/__tests__/UserModel.spec.ts" name="UserModel &gt; should keep existing userId" time="0.001381583">
        </testcase>
        <testcase classname="src/entities/User/model/__tests__/UserModel.spec.ts" name="UserModel &gt; should initialize surveyId as empty string when null" time="0.00230825">
        </testcase>
        <testcase classname="src/entities/User/model/__tests__/UserModel.spec.ts" name="UserModel &gt; should preserve existing surveyId" time="0.001811041">
        </testcase>
        <testcase classname="src/entities/User/model/__tests__/UserModel.spec.ts" name="UserModel &gt; should navigate to test page" time="0.002479291">
        </testcase>
    </testsuite>
    <testsuite name="src/entities/Report/lib/__tests__/barChartPreparedData.spec.ts" timestamp="2025-06-18T10:56:54.450Z" hostname="192.168.1.17" tests="6" failures="1" errors="0" skipped="0" time="0.006949375">
        <testcase classname="src/entities/Report/lib/__tests__/barChartPreparedData.spec.ts" name="barChartPrepareData &gt; должен возвращать пустой массив для пустого объекта" time="0.000815042">
        </testcase>
        <testcase classname="src/entities/Report/lib/__tests__/barChartPreparedData.spec.ts" name="barChartPrepareData &gt; должен возвращать пустой массив для undefined" time="0.000150834">
        </testcase>
        <testcase classname="src/entities/Report/lib/__tests__/barChartPreparedData.spec.ts" name="barChartPrepareData &gt; должен возвращать пустой массив при отсутствии mbti_percentages" time="0.000081959">
        </testcase>
        <testcase classname="src/entities/Report/lib/__tests__/barChartPreparedData.spec.ts" name="barChartPrepareData &gt; должен корректно преобразовывать полные данные" time="0.000338375">
        </testcase>
        <testcase classname="src/entities/Report/lib/__tests__/barChartPreparedData.spec.ts" name="barChartPrepareData &gt; должен обрабатывать отсутствие mbti_data" time="0.004770541">
            <failure message="expected [ { value: 75, label: &apos;ISTJ&apos;, …(2) } ] to deeply equal [ { value: 75, label: &apos;ISTJ&apos;, …(2) } ]" type="AssertionError">
AssertionError: expected [ { value: 75, label: &apos;ISTJ&apos;, …(2) } ] to deeply equal [ { value: 75, label: &apos;ISTJ&apos;, …(2) } ]

- Expected
+ Received

  [
    {
-     &quot;data&quot;: null,
+     &quot;data&quot;: undefined,
      &quot;label&quot;: &quot;ISTJ&quot;,
      &quot;mbti_type&quot;: [],
      &quot;value&quot;: 75,
    },
  ]

 ❯ src/entities/Report/lib/__tests__/barChartPreparedData.spec.ts:79:24

            </failure>
        </testcase>
        <testcase classname="src/entities/Report/lib/__tests__/barChartPreparedData.spec.ts" name="barChartPrepareData &gt; должен обрабатывать частичное отсутствие данных в mbti_data" time="0.000148625">
        </testcase>
    </testsuite>
    <testsuite name="src/shared/lib/utils/isExists/__tests__/isExists.spec.ts" timestamp="2025-06-18T10:56:54.452Z" hostname="192.168.1.17" tests="11" failures="0" errors="0" skipped="0" time="0.002080459">
        <testcase classname="src/shared/lib/utils/isExists/__tests__/isExists.spec.ts" name="isExists &gt; should return true for a non-empty string" time="0.000668042">
        </testcase>
        <testcase classname="src/shared/lib/utils/isExists/__tests__/isExists.spec.ts" name="isExists &gt; should return false for an empty string" time="0.000080625">
        </testcase>
        <testcase classname="src/shared/lib/utils/isExists/__tests__/isExists.spec.ts" name="isExists &gt; should return true for a non-empty array" time="0.000065125">
        </testcase>
        <testcase classname="src/shared/lib/utils/isExists/__tests__/isExists.spec.ts" name="isExists &gt; should return false for an empty array" time="0.000115834">
        </testcase>
        <testcase classname="src/shared/lib/utils/isExists/__tests__/isExists.spec.ts" name="isExists &gt; should return false for a value that is not a string or array" time="0.00013675">
        </testcase>
        <testcase classname="src/shared/lib/utils/isExists/__tests__/isExists.spec.ts" name="isExists &gt; should return false for null" time="0.000054584">
        </testcase>
        <testcase classname="src/shared/lib/utils/isExists/__tests__/isExists.spec.ts" name="isExists &gt; should return false for undefined" time="0.00004425">
        </testcase>
        <testcase classname="src/shared/lib/utils/isExists/__tests__/isExists.spec.ts" name="isExists &gt; should return true for a string longer than a specified length" time="0.000046416">
        </testcase>
        <testcase classname="src/shared/lib/utils/isExists/__tests__/isExists.spec.ts" name="isExists &gt; should return false for a string not longer than a specified length" time="0.000107458">
        </testcase>
        <testcase classname="src/shared/lib/utils/isExists/__tests__/isExists.spec.ts" name="isExists &gt; should return true for an array longer than a specified length" time="0.000118125">
        </testcase>
        <testcase classname="src/shared/lib/utils/isExists/__tests__/isExists.spec.ts" name="isExists &gt; should return false for an array not longer than a specified length" time="0.000047208">
        </testcase>
    </testsuite>
    <testsuite name="src/shared/lib/utils/navigate/__tests__/navigate.spec.ts" timestamp="2025-06-18T10:56:54.453Z" hostname="192.168.1.17" tests="2" failures="0" errors="0" skipped="0" time="0.014873708">
        <testcase classname="src/shared/lib/utils/navigate/__tests__/navigate.spec.ts" name="navigate.back &gt; should call window.history.back() when navigate.back() is invoked" time="0.003002708">
        </testcase>
        <testcase classname="src/shared/lib/utils/navigate/__tests__/navigate.spec.ts" name="navigate.back &gt; should not call window.history.back() if method is mocked" time="0.000174167">
        </testcase>
    </testsuite>
    <testsuite name="src/shared/lib/utils/toInputUpperCase/__tests__/toInputUpperCase.spec.ts" timestamp="2025-06-18T10:56:54.454Z" hostname="192.168.1.17" tests="5" failures="0" errors="0" skipped="0" time="0.003587958">
        <testcase classname="src/shared/lib/utils/toInputUpperCase/__tests__/toInputUpperCase.spec.ts" name="toInputUppercase &gt; should convert input value to uppercase" time="0.001331167">
        </testcase>
        <testcase classname="src/shared/lib/utils/toInputUpperCase/__tests__/toInputUpperCase.spec.ts" name="toInputUppercase &gt; should handle empty input" time="0.000078875">
        </testcase>
        <testcase classname="src/shared/lib/utils/toInputUpperCase/__tests__/toInputUpperCase.spec.ts" name="toInputUppercase &gt; should handle input already in uppercase" time="0.000138084">
        </testcase>
        <testcase classname="src/shared/lib/utils/toInputUpperCase/__tests__/toInputUpperCase.spec.ts" name="toInputUppercase &gt; should handle mixed case input" time="0.000064125">
        </testcase>
        <testcase classname="src/shared/lib/utils/toInputUpperCase/__tests__/toInputUpperCase.spec.ts" name="toInputUppercase &gt; should handle special characters" time="0.000177833">
        </testcase>
    </testsuite>
</testsuites>
